<?xml version="1.0" encoding="UTF-8"?>
<!-- Generated by org.testng.reporters.JUnitReportReporter -->
<testsuite hostname="DESKTOP-O00URBB" failures="0" tests="1" name="restassured.json_parsing" time="1.607" errors="0" timestamp="17 Oct 2023 06:11:17 GMT">
  <testcase classname="restassured.json_parsing" name="test" time="1.607"/>
</testsuite> <!-- restassured.json_parsing -->
