<?xml version="1.0" encoding="UTF-8"?>
<!-- Generated by org.testng.reporters.JUnitReportReporter -->
<testsuite hostname="DESKTOP-O00URBB" failures="0" tests="1" name="spec_biulder.Runner" time="1.634" errors="0" timestamp="26 Oct 2023 11:15:50 GMT">
  <testcase classname="spec_biulder.Runner" name="test" time="1.634"/>
</testsuite> <!-- spec_biulder.Runner -->
