<?xml version="1.0" encoding="UTF-8"?>
<!-- Generated by org.testng.reporters.JUnitReportReporter -->
<testsuite hostname="DESKTOP-O00URBB" failures="0" tests="1" name="restassured.Post" time="1.979" errors="0" timestamp="17 Oct 2023 06:10:36 GMT">
  <testcase classname="restassured.Post" name="get" time="1.979"/>
</testsuite> <!-- restassured.Post -->
